\BOOKMARK [0][-]{titlepage.0}{\376\377\134\001\227\142}{}% 1
\BOOKMARK [0][-]{statement.0}{\376\377\130\360\146\016}{}% 2
\BOOKMARK [0][-]{abstractcn.0}{\376\377\144\130\211\201}{}% 3
\BOOKMARK [0][-]{abstracten.0}{\376\377\000A\000b\000s\000t\000r\000a\000c\000t}{}% 4
\BOOKMARK [0][-]{toc.0}{\376\377\166\356\137\125}{}% 5
\BOOKMARK [0][-]{chapter.1}{\376\377\0001\000\040\000\040\176\352\213\272}{}% 6
\BOOKMARK [1][-]{section.1.1}{\376\377\0001\000.\0001\000\040\170\024\172\166\200\314\146\157\116\016\141\017\116\111}{chapter.1}% 7
\BOOKMARK [1][-]{section.1.2}{\376\377\0001\000.\0002\000\040\116\073\211\201\170\024\172\166\121\205\133\271}{chapter.1}% 8
\BOOKMARK [1][-]{section.1.3}{\376\377\0001\000.\0003\000\040\116\073\211\201\211\343\121\263\166\204\225\356\230\230}{chapter.1}% 9
\BOOKMARK [0][-]{chapter.2}{\376\377\0002\000\040\000\040\137\000\123\321\150\106\147\266\123\312\142\200\147\057}{}% 10
\BOOKMARK [1][-]{section.2.1}{\376\377\0002\000.\0001\000\040\122\115\172\357\137\000\123\321\142\200\147\057}{chapter.2}% 11
\BOOKMARK [2][-]{subsection.2.1.1}{\376\377\0002\000.\0001\000.\0001\000\040\000V\000u\000e\0003}{section.2.1}% 12
\BOOKMARK [2][-]{subsection.2.1.2}{\376\377\0002\000.\0001\000.\0002\000\040\000N\000u\000x\000t\0003}{section.2.1}% 13
\BOOKMARK [2][-]{subsection.2.1.3}{\376\377\0002\000.\0001\000.\0003\000\040\000T\000h\000r\000e\000e\000.\000j\000s}{section.2.1}% 14
\BOOKMARK [1][-]{section.2.2}{\376\377\0002\000.\0002\000\040\124\016\172\357\137\000\123\321\142\200\147\057}{chapter.2}% 15
\BOOKMARK [2][-]{subsection.2.2.1}{\376\377\0002\000.\0002\000.\0001\000\040\000G\000o\213\355\212\000}{section.2.2}% 16
\BOOKMARK [2][-]{subsection.2.2.2}{\376\377\0002\000.\0002\000.\0002\000\040\000G\000i\000n\150\106\147\266}{section.2.2}% 17
\BOOKMARK [2][-]{subsection.2.2.3}{\376\377\0002\000.\0002\000.\0003\000\040\000R\000e\000d\000i\000s}{section.2.2}% 18
\BOOKMARK [2][-]{subsection.2.2.4}{\376\377\0002\000.\0002\000.\0004\000\040\150\007\230\230}{section.2.2}% 19
\BOOKMARK [1][-]{section.2.3}{\376\377\0002\000.\0003\000\040\150\007\230\230}{chapter.2}% 20
\BOOKMARK [0][-]{chapter.3}{\376\377\0003\000\040\000\040\150\007\230\230}{}% 21
\BOOKMARK [1][-]{section.3.1}{\376\377\0003\000.\0001\000\040\150\007\230\230}{chapter.3}% 22
\BOOKMARK [2][-]{subsection.3.1.1}{\376\377\0003\000.\0001\000.\0001\000\040\150\007\230\230}{section.3.1}% 23
\BOOKMARK [0][-]{chapter.4}{\376\377\0004\000\040\000\040\150\007\230\230}{}% 24
\BOOKMARK [0][-]{chapter.5}{\376\377\0005\000\040\000\040\176\323\213\272}{}% 25
\BOOKMARK [0][-]{section*.5}{\376\377\201\364\000\040\214\042}{}% 26
\BOOKMARK [0][-]{section*.6}{\376\377\226\104\000\040\137\125}{}% 27
